0 silly argv {
0 silly argv   _: [ 'version' ],
0 silly argv   private: false,
0 silly argv   lernaVersion: '8.0.1',
0 silly argv   '$0': 'lerna'
0 silly argv }
1 notice cli v8.0.1
2 verbose packageConfigs Resolving packages based on package.json "workspaces" configuration.
3 verbose rootPath /Users/minhpham/working/mf/mf-package-lerna
4 info current version 0.0.1
5 silly isAnythingCommitted
6 verbose isAnythingCommitted 1
7 silly getCurrentBranch
8 verbose currentBranch main
9 silly remoteBranchExists
10 silly isBehindUpstream
11 silly isBehindUpstream main is behind origin/main by 0 commit(s) and ahead by 0
12 silly hasTags
13 verbose hasTags true
14 silly git-describe.sync "v0.0.1-3-g53f5497" => {"lastTagName":"v0.0.1","lastVersion":"v0.0.1","refCount":"3","sha":"53f5497","isDirty":false}
15 info Looking for changed packages since v0.0.1
16 silly checking diff packages/mf-package
17 silly found diff in packages/mf-package
18 verbose filtered diff [ 'packages/mf-package' ]
19 silly checking diff packages/utils
20 silly found diff in packages/utils/dist/function/hello.d.ts
20 silly found diff in packages/utils/dist/function/hello.js
20 silly found diff in packages/utils/dist/index.d.ts
20 silly found diff in packages/utils/dist/index.js
21 verbose filtered diff [
21 verbose filtered diff   'packages/utils/dist/function/hello.d.ts',
21 verbose filtered diff   'packages/utils/dist/function/hello.js',
21 verbose filtered diff   'packages/utils/dist/index.d.ts',
21 verbose filtered diff   'packages/utils/dist/index.js'
21 verbose filtered diff ]
22 verbose updated mf-packages-lerna-themes
23 verbose updated mf-package-lerna-utils
24 verbose git-describe undefined => "v0.0.1-3-g53f5497"
25 silly git-describe parsed => {"lastTagName":"v0.0.1","lastVersion":"v0.0.1","refCount":"3","sha":"53f5497","isDirty":false}
26 info execute Skipping releases
27 silly lifecycle No script for "preversion" in "root", continuing
28 silly lifecycle No script for "preversion" in "mf-packages-lerna-themes", continuing
29 silly lifecycle No script for "preversion" in "mf-package-lerna-utils", continuing
30 verbose version mf-package-lerna-utils has no lockfile. Skipping lockfile update.
31 verbose version mf-packages-lerna-themes has no lockfile. Skipping lockfile update.
32 silly lifecycle No script for "version" in "mf-packages-lerna-themes", continuing
33 silly lifecycle No script for "version" in "mf-package-lerna-utils", continuing
34 silly lifecycle No script for "version" in "root", continuing
35 verbose version Updating root package-lock.json
36 silly gitAdd [
36 silly gitAdd   'packages/mf-package/package.json',
36 silly gitAdd   'packages/utils/package.json',
36 silly gitAdd   'lerna.json',
36 silly gitAdd   'package-lock.json'
36 silly gitAdd ]
37 error Error: Command failed with exit code 128: git add -- packages/mf-package/package.json packages/utils/package.json lerna.json package-lock.json
37 error fatal: Pathspec 'packages/mf-package/package.json' is in submodule 'packages/mf-package'
37 error     at makeError (/Users/minhpham/working/mf/mf-package-lerna/node_modules/execa/lib/error.js:59:11)
37 error     at handlePromise (/Users/minhpham/working/mf/mf-package-lerna/node_modules/execa/index.js:114:26)
37 error     at process.processTicksAndRejections (node:internal/process/task_queues:95:5)
37 error     at async VersionCommand.updatePackageVersions (/Users/minhpham/working/mf/mf-package-lerna/node_modules/lerna/dist/index.js:8476:11)
37 error     at async Promise.all (index 0)
